**********************
PowerShell transcript start
Start time: 20260119204429
Username: AzureAD\JörnGutting
RunAs User: AzureAD\JörnGutting
Configuration Name: 
Machine: JGN-G-83094864 (Microsoft Windows NT 10.0.26200.0)
Host Application: C:\Program Files\PowerShell\7\pwsh.dll -NoProfile -ExecutionPolicy Bypass -Command Import-Module 'c:\Users\JörnGutting\.vscode\extensions\ms-vscode.powershell-2025.4.0\modules\PowerShellEditorServices\PowerShellEditorServices.psd1'; Start-EditorServices -HostName 'Visual Studio Code Host' -HostProfileId 'Microsoft.VSCode' -HostVersion '2025.4.0' -BundledModulesPath 'c:\Users\JörnGutting\.vscode\extensions\ms-vscode.powershell-2025.4.0\modules' -EnableConsoleRepl -StartupBanner "PowerShell Extension v2025.4.0
Copyright (c) Microsoft Corporation.

https://aka.ms/vscode-powershell
Type 'help' to get help.
" -LogLevel 'Warning' -LogPath 'c:\Users\JörnGutting\AppData\Roaming\Code\logs\20260119T195908\window1\exthost\ms-vscode.powershell' -SessionDetailsPath 'c:\Users\JörnGutting\AppData\Roaming\Code\User\globalStorage\ms-vscode.powershell\sessions\PSES-VSCode-46312-617165.json' -FeatureFlags @() 
Process ID: 48744
PSVersion: 7.5.4
PSEdition: Core
GitCommitId: 7.5.4
OS: Microsoft Windows 10.0.26200
Platform: Win32NT
PSCompatibleVersions: 1.0, 2.0, 3.0, 4.0, 5.0, 5.1, 6.0, 7.0
PSRemotingProtocolVersion: 2.3
SerializationVersion: 1.1.0.1
WSManStackVersion: 3.0
**********************
[2026-01-19 20:44:29][INFO] Preparing Microsoft Graph module stack...
[2026-01-19 20:44:29][INFO] Microsoft.Graph requires Microsoft.Graph.Authentication EXACT version 2.25.0
[2026-01-19 20:44:29][WARN] Module 'Microsoft.Graph.Authentication' is missing or does not meet the required version (RequiredVersion: 2.25.0). Install manually or run with -AutoInstallModules.
PS>TerminatingError(): "Microsoft.Graph.Authentication 2.25.0 is missing. Install it or run with -AutoInstallModules."
>> TerminatingError(): "Microsoft.Graph.Authentication 2.25.0 is missing. Install it or run with -AutoInstallModules."
>> TerminatingError(): "Microsoft.Graph.Authentication 2.25.0 is missing. Install it or run with -AutoInstallModules."
**********************
PowerShell transcript end
End time: 20260119204429
**********************
