**********************
PowerShell transcript start
Start time: 20260120092410
Username: AzureAD\JörnGutting
RunAs User: AzureAD\JörnGutting
Configuration Name: 
Machine: JGN-G-83094864 (Microsoft Windows NT 10.0.26200.0)
Host Application: C:\Program Files\PowerShell\7\pwsh.dll -noexit -command try { . "c:\Program Files\Microsoft VS Code\resources\app\out\vs\workbench\contrib\terminal\common\scripts\shellIntegration.ps1" } catch {}
Process ID: 31664
PSVersion: 7.5.4
PSEdition: Core
GitCommitId: 7.5.4
OS: Microsoft Windows 10.0.26200
Platform: Win32NT
PSCompatibleVersions: 1.0, 2.0, 3.0, 4.0, 5.0, 5.1, 6.0, 7.0
PSRemotingProtocolVersion: 2.3
SerializationVersion: 1.1.0.1
WSManStackVersion: 3.0
**********************
WARNING: Fehler beim Initialisieren des Standardlaufwerks: "Es wurde kein Standardserver gefunden, auf dem die Active Directory-Webdienste ausgeführt werden.".
[2026-01-20 09:24:22][INFO] Connecting to Microsoft Graph (DeviceCode) with scopes: Policy.Read.All, DeviceManagementConfiguration.Read.All
PS>TerminatingError(Connect-MgGraph): "The running command stopped because the preference variable "ErrorActionPreference" or common parameter is set to Stop: Authentication timed out after 120 seconds due to inactivity. Please try again."
>> TerminatingError(Connect-MgGraph): "The running command stopped because the preference variable "ErrorActionPreference" or common parameter is set to Stop: Authentication timed out after 120 seconds due to inactivity. Please try again."
>> TerminatingError(Connect-MgGraph): "The running command stopped because the preference variable "ErrorActionPreference" or common parameter is set to Stop: Authentication timed out after 120 seconds due to inactivity. Please try again."
**********************
PowerShell transcript end
End time: 20260120092623
**********************
