**********************
PowerShell transcript start
Start time: 20260120130728
Username: AzureAD\JörnGutting
RunAs User: AzureAD\JörnGutting
Configuration Name: 
Machine: JGN-G-83094864 (Microsoft Windows NT 10.0.26200.0)
Host Application: C:\Program Files\PowerShell\7\pwsh.dll -NoProfile -ExecutionPolicy Bypass -Command Import-Module 'c:\Users\JörnGutting\.vscode\extensions\ms-vscode.powershell-2025.4.0\modules\PowerShellEditorServices\PowerShellEditorServices.psd1'; Start-EditorServices -HostName 'Visual Studio Code Host' -HostProfileId 'Microsoft.VSCode' -HostVersion '2025.4.0' -BundledModulesPath 'c:\Users\JörnGutting\.vscode\extensions\ms-vscode.powershell-2025.4.0\modules' -EnableConsoleRepl -StartupBanner "PowerShell Extension v2025.4.0
Copyright (c) Microsoft Corporation.

https://aka.ms/vscode-powershell
Type 'help' to get help.
" -LogLevel 'Warning' -LogPath 'c:\Users\JörnGutting\AppData\Roaming\Code\logs\20260120T130338\window1\exthost\ms-vscode.powershell' -SessionDetailsPath 'c:\Users\JörnGutting\AppData\Roaming\Code\User\globalStorage\ms-vscode.powershell\sessions\PSES-VSCode-11180-317486.json' -FeatureFlags @() 
Process ID: 40364
PSVersion: 7.5.4
PSEdition: Core
GitCommitId: 7.5.4
OS: Microsoft Windows 10.0.26200
Platform: Win32NT
PSCompatibleVersions: 1.0, 2.0, 3.0, 4.0, 5.0, 5.1, 6.0, 7.0
PSRemotingProtocolVersion: 2.3
SerializationVersion: 1.1.0.1
WSManStackVersion: 3.0
**********************
WARNING: Fehler beim Initialisieren des Standardlaufwerks: "Es wurde kein Standardserver gefunden, auf dem die Active Directory-Webdienste ausgeführt werden.".
[2026-01-20 13:07:38][INFO] Connecting to Microsoft Graph (Interactive) with scopes: Policy.Read.All, DeviceManagementConfiguration.Read.All
WARNING: Note: Sign in by Web Account Manager (WAM) is enabled by default on Windows. If using an embedded terminal, the interactive browser window may be hidden behind other windows.
[2026-01-20 13:07:44][INFO] Connecting to Azure (Az.Accounts) via Interactive
Please select the account you want to login with.
Retrieving subscriptions for the selection...
PS>TerminatingError(Get-BwsScriptBlockParamInfo): "Argument types do not match"
>> TerminatingError(Get-BwsScriptBlockParamInfo): "Argument types do not match"
PS>TerminatingError(Get-BwsScriptBlockParamInfo): "Argument types do not match"
>> TerminatingError(Get-BwsScriptBlockParamInfo): "Argument types do not match"
PS>TerminatingError(Get-BwsScriptBlockParamInfo): "Argument types do not match"
>> TerminatingError(Get-BwsScriptBlockParamInfo): "Argument types do not match"
PS>TerminatingError(Get-BwsScriptBlockParamInfo): "Argument types do not match"
>> TerminatingError(Get-BwsScriptBlockParamInfo): "Argument types do not match"
PS>TerminatingError(Get-BwsScriptBlockParamInfo): "Argument types do not match"
>> TerminatingError(Get-BwsScriptBlockParamInfo): "Argument types do not match"
PS>TerminatingError(Get-BwsScriptBlockParamInfo): "Argument types do not match"
>> TerminatingError(Get-BwsScriptBlockParamInfo): "Argument types do not match"
PS>TerminatingError(Invoke-BwsChecks): "Argument types do not match"
**********************
PowerShell transcript end
End time: 20260120130914
**********************
