**********************
PowerShell transcript start
Start time: 20260119201628
Username: AzureAD\JörnGutting
RunAs User: AzureAD\JörnGutting
Configuration Name: 
Machine: JGN-G-83094864 (Microsoft Windows NT 10.0.26200.0)
Host Application: C:\Program Files\PowerShell\7\pwsh.dll -NoProfile -ExecutionPolicy Bypass -Command Import-Module 'c:\Users\JörnGutting\.vscode\extensions\ms-vscode.powershell-2025.4.0\modules\PowerShellEditorServices\PowerShellEditorServices.psd1'; Start-EditorServices -HostName 'Visual Studio Code Host' -HostProfileId 'Microsoft.VSCode' -HostVersion '2025.4.0' -BundledModulesPath 'c:\Users\JörnGutting\.vscode\extensions\ms-vscode.powershell-2025.4.0\modules' -EnableConsoleRepl -StartupBanner "PowerShell Extension v2025.4.0
Copyright (c) Microsoft Corporation.

https://aka.ms/vscode-powershell
Type 'help' to get help.
" -LogLevel 'Warning' -LogPath 'c:\Users\JörnGutting\AppData\Roaming\Code\logs\20260119T195908\window1\exthost\ms-vscode.powershell' -SessionDetailsPath 'c:\Users\JörnGutting\AppData\Roaming\Code\User\globalStorage\ms-vscode.powershell\sessions\PSES-VSCode-46312-617165.json' -FeatureFlags @() 
Process ID: 48744
PSVersion: 7.5.4
PSEdition: Core
GitCommitId: 7.5.4
OS: Microsoft Windows 10.0.26200
Platform: Win32NT
PSCompatibleVersions: 1.0, 2.0, 3.0, 4.0, 5.0, 5.1, 6.0, 7.0
PSRemotingProtocolVersion: 2.3
SerializationVersion: 1.1.0.1
WSManStackVersion: 3.0
**********************
[2026-01-19 20:16:31][INFO] Required modules: Microsoft.Graph.Authentication, Microsoft.Graph, Az.Accounts, Az.Resources, Az.DesktopVirtualization, ActiveDirectory
[2026-01-19 20:16:31][INFO] Installing missing module 'Microsoft.Graph.Authentication' (CurrentUser)...
[2026-01-19 20:16:36][DEBUG] Imported module: Microsoft.Graph.Authentication
[2026-01-19 20:16:36][DEBUG] Imported module: Microsoft.Graph.Authentication
PS>TerminatingError(Import-Module): "The running command stopped because the preference variable "ErrorActionPreference" or common parameter is set to Stop: The required module 'Microsoft.Graph.Authentication' is not loaded. Load the module or remove the module from 'RequiredModules' in the file 'C:\Users\JörnGutting\OneDrive - JG-NET\Dokumente\PowerShell\Modules\Microsoft.Graph\2.25.0\Microsoft.Graph.psd1'."
>> TerminatingError(): "Failed to import module 'Microsoft.Graph': The required module 'Microsoft.Graph.Authentication' is not loaded. Load the module or remove the module from 'RequiredModules' in the file 'C:\Users\JörnGutting\OneDrive - JG-NET\Dokumente\PowerShell\Modules\Microsoft.Graph\2.25.0\Microsoft.Graph.psd1'."
>> TerminatingError(): "Failed to import module 'Microsoft.Graph': The required module 'Microsoft.Graph.Authentication' is not loaded. Load the module or remove the module from 'RequiredModules' in the file 'C:\Users\JörnGutting\OneDrive - JG-NET\Dokumente\PowerShell\Modules\Microsoft.Graph\2.25.0\Microsoft.Graph.psd1'."
>> TerminatingError(): "Failed to import module 'Microsoft.Graph': The required module 'Microsoft.Graph.Authentication' is not loaded. Load the module or remove the module from 'RequiredModules' in the file 'C:\Users\JörnGutting\OneDrive - JG-NET\Dokumente\PowerShell\Modules\Microsoft.Graph\2.25.0\Microsoft.Graph.psd1'."
**********************
PowerShell transcript end
End time: 20260119201849
**********************
