**********************
PowerShell transcript start
Start time: 20260119213728
Username: AzureAD\JörnGutting
RunAs User: AzureAD\JörnGutting
Configuration Name: 
Machine: JGN-G-83094864 (Microsoft Windows NT 10.0.26200.0)
Host Application: C:\Program Files\PowerShell\7\pwsh.dll -NoProfile -ExecutionPolicy Bypass -Command Import-Module 'c:\Users\JörnGutting\.vscode\extensions\ms-vscode.powershell-2025.4.0\modules\PowerShellEditorServices\PowerShellEditorServices.psd1'; Start-EditorServices -HostName 'Visual Studio Code Host' -HostProfileId 'Microsoft.VSCode' -HostVersion '2025.4.0' -BundledModulesPath 'c:\Users\JörnGutting\.vscode\extensions\ms-vscode.powershell-2025.4.0\modules' -EnableConsoleRepl -StartupBanner "PowerShell Extension v2025.4.0
Copyright (c) Microsoft Corporation.

https://aka.ms/vscode-powershell
Type 'help' to get help.
" -LogLevel 'Warning' -LogPath 'c:\Users\JörnGutting\AppData\Roaming\Code\logs\20260119T195908\window1\exthost\ms-vscode.powershell' -SessionDetailsPath 'c:\Users\JörnGutting\AppData\Roaming\Code\User\globalStorage\ms-vscode.powershell\sessions\PSES-VSCode-46312-749952.json' -FeatureFlags @() 
Process ID: 36900
PSVersion: 7.5.4
PSEdition: Core
GitCommitId: 7.5.4
OS: Microsoft Windows 10.0.26200
Platform: Win32NT
PSCompatibleVersions: 1.0, 2.0, 3.0, 4.0, 5.0, 5.1, 6.0, 7.0
PSRemotingProtocolVersion: 2.3
SerializationVersion: 1.1.0.1
WSManStackVersion: 3.0
**********************
[2026-01-19 21:37:28][INFO] Preparing Microsoft Graph module stack...
[2026-01-19 21:37:28][DEBUG] Imported module: Microsoft.Graph.Authentication (2.34.0)
[2026-01-19 21:37:28][INFO] Microsoft.Graph is installed. Graph submodules will auto-load on demand (meta module import skipped).
[2026-01-19 21:37:28][INFO] Required modules: Az.Accounts, Az.Resources, Az.DesktopVirtualization, ActiveDirectory
[2026-01-19 21:37:29][DEBUG] Imported module: Az.Accounts (5.3.1)
[2026-01-19 21:37:29][DEBUG] Imported module: Az.Resources (9.0.0)
[2026-01-19 21:37:30][DEBUG] Imported module: Az.DesktopVirtualization (5.4.1)
[2026-01-19 21:37:30][DEBUG] Imported module: ActiveDirectory (1.0.1.0)
[2026-01-19 21:37:30][INFO] Connecting to Microsoft Graph (DeviceCode) with scopes: Policy.Read.All, DeviceManagementConfiguration.Read.All
PS>TerminatingError(): "The pipeline has been stopped."
>> TerminatingError(): "The pipeline has been stopped."
>> TerminatingError(): "The pipeline has been stopped."
**********************
PowerShell transcript end
End time: 20260119213802
**********************
